{
  "Cucumber Features": {
    "coverage": {
      "/home/y/cs169/hw4_rottenpotatoes/app/controllers/application_controller.rb": [
        1,
        1,
        null
      ],
      "/home/y/cs169/hw4_rottenpotatoes/app/helpers/application_helper.rb": [
        1,
        null
      ],
      "/home/y/cs169/hw4_rottenpotatoes/app/helpers/movies_helper.rb": [
        1,
        null,
        1,
        0,
        null,
        null
      ],
      "/home/y/cs169/hw4_rottenpotatoes/app/helpers/photos_helper.rb": [
        1,
        null
      ],
      "/home/y/cs169/hw4_rottenpotatoes/app/controllers/movies_controller.rb": [
        1,
        null,
        1,
        3,
        3,
        null,
        null,
        null,
        null,
        1,
        2,
        null,
        2,
        null,
        null,
        null,
        2,
        null,
        null,
        1,
        1,
        1,
        null,
        null,
        null,
        1,
        1,
        1,
        null,
        0,
        null,
        0,
        null,
        1,
        1,
        null,
        1,
        6,
        null,
        null,
        1,
        0,
        0,
        0,
        null,
        null,
        1,
        0,
        0,
        0,
        0,
        null,
        1,
        null,
        null,
        1,
        null,
        null,
        null,
        1,
        0,
        0,
        0,
        null,
        null,
        1,
        1,
        null,
        null,
        1,
        1,
        1,
        1,
        1,
        null,
        null,
        1,
        0,
        0,
        0,
        0,
        null,
        null,
        null
      ],
      "/home/y/cs169/hw4_rottenpotatoes/app/models/movie.rb": [
        1,
        1,
        1,
        null,
        null,
        null,
        1,
        2,
        2,
        2,
        1,
        null,
        1,
        null,
        null,
        null,
        null,
        null,
        null,
        null,
        null,
        null,
        null,
        null,
        null,
        null,
        null,
        null,
        null,
        null,
        null,
        null,
        null,
        null
      ]
    },
    "timestamp": 1373165505
  },
  "RSpec": {
    "coverage": {
      "/home/y/cs169/hw4_rottenpotatoes/app/controllers/application_controller.rb": [
        1,
        1,
        null
      ],
      "/home/y/cs169/hw4_rottenpotatoes/app/helpers/application_helper.rb": [
        1,
        null
      ],
      "/home/y/cs169/hw4_rottenpotatoes/app/helpers/movies_helper.rb": [
        1,
        null,
        1,
        0,
        null,
        null
      ],
      "/home/y/cs169/hw4_rottenpotatoes/app/helpers/photos_helper.rb": [
        1,
        null
      ],
      "/home/y/cs169/hw4_rottenpotatoes/app/controllers/movies_controller.rb": [
        1,
        null,
        1,
        1,
        1,
        null,
        null,
        null,
        null,
        1,
        4,
        null,
        4,
        null,
        null,
        null,
        4,
        null,
        null,
        1,
        1,
        1,
        null,
        null,
        null,
        1,
        1,
        1,
        null,
        0,
        null,
        0,
        null,
        1,
        1,
        null,
        1,
        6,
        null,
        null,
        1,
        0,
        0,
        0,
        null,
        null,
        1,
        0,
        0,
        0,
        0,
        null,
        1,
        null,
        null,
        1,
        null,
        null,
        null,
        1,
        1,
        1,
        1,
        null,
        null,
        1,
        1,
        null,
        null,
        1,
        1,
        1,
        1,
        1,
        null,
        null,
        1,
        1,
        1,
        1,
        1,
        null,
        null,
        null
      ],
      "/home/y/cs169/hw4_rottenpotatoes/app/models/movie.rb": [
        1,
        1,
        2,
        null,
        null,
        null,
        1,
        2,
        2,
        2,
        1,
        null,
        1,
        null,
        null,
        null,
        null,
        null,
        null,
        null,
        null,
        null,
        null,
        null,
        null,
        null,
        null,
        null,
        null,
        null,
        null,
        null,
        null,
        null
      ]
    },
    "timestamp": 1373168195
  }
}
